ISim log file
Running: C:\Users\tuey\Desktop\CSSE232\project\3B-dripchar-eckelsjd-morganbm-tuey\Implementation\fcache\fcache_tb_0_isim_beh.exe -intstyle ise -gui -tclbatch isim.cmd -wdb C:/Users/tuey/Desktop/CSSE232/project/3B-dripchar-eckelsjd-morganbm-tuey/Implementation/fcache/fcache_tb_0_isim_beh.wdb 
ISim P.20131013 (signature 0x7708f090)
----------------------------------------------------------------------
INFO:Security:50 - The XILINXD_LICENSE_FILE environment variable is set to '2100@ise.csse.rose-hulman.edu'.
INFO:Security:53 - The LM_LICENSE_FILE environment variable is not set.
WARNING:Security:43 - No license file was found in the standard Xilinx license directory.
WARNING:Security:44 - Since no license file was found,
       please run the Xilinx License Configuration Manager
       (xlcm or "Manage Xilinx Licenses")
       to assist in obtaining a license.
WARNING:Security:42 - Your software subscription period has lapsed. Your current version of Xilinx tools will continue to function, but you no longer qualify for Xilinx software updates or new releases.


----------------------------------------------------------------------
This is a Full version of ISim.
Time resolution is 1 ps
# onerror resume
# wave add /
# run 1000000000 ns
Simulator is doing circuit initialization process.
Finished circuit initialization process.
@    0 wrote57896044618658097711785492504343953926634992332820282019728792003956564819968, read57896044618658097711785492504343953926634992332820282019728792003956564819968PASS
@    0 wrote57896044618658097711785492504322545211244402934604407730187049576910823620607, read57896044618658097711785492504322545211244402934604407730187049576910823620607PASS
@    0 wrote57896044618658097711785492504322545211244402934604407730187049576910823620606, read57896044618658097711785492504322545211244402934604407730187049576910823620606PASS
@    0 wrote57896044618658097711785492504322545211244402934604407730187049576910823620605, read57896044618658097711785492504322545211244402934604407730187049576910823620605PASS
@    0 wrote57896044618658097711785492504322545211244402934604407730187049576910823620604, read57896044618658097711785492504322545211244402934604407730187049576910823620604PASS
@    1 wrote57896044618658097711785492504343953926634992332820282019728792003956564819968, read57896044618658097711785492504343953926634992332820282019728792003956564819968PASS
@    1 wrote57896044618658097711785492504322545211244402934604407730187049576910823620607, read57896044618658097711785492504322545211244402934604407730187049576910823620607PASS
@    1 wrote57896044618658097711785492504322545211244402934604407730187049576910823620606, read57896044618658097711785492504322545211244402934604407730187049576910823620606PASS
@    1 wrote57896044618658097711785492504322545211244402934604407730187049576910823620605, read57896044618658097711785492504322545211244402934604407730187049576910823620605PASS
@    1 wrote57896044618658097711785492504322545211244402934604407730187049576910823620604, read57896044618658097711785492504322545211244402934604407730187049576910823620604PASS
@    2 wrote57896044618658097711785492504343953926634992332820282019728792003956564819968, read57896044618658097711785492504343953926634992332820282019728792003956564819968PASS
@    2 wrote57896044618658097711785492504322545211244402934604407730187049576910823620607, read57896044618658097711785492504322545211244402934604407730187049576910823620607PASS
@    2 wrote57896044618658097711785492504322545211244402934604407730187049576910823620606, read57896044618658097711785492504322545211244402934604407730187049576910823620606PASS
@    2 wrote57896044618658097711785492504322545211244402934604407730187049576910823620605, read57896044618658097711785492504322545211244402934604407730187049576910823620605PASS
@    2 wrote57896044618658097711785492504322545211244402934604407730187049576910823620604, read57896044618658097711785492504322545211244402934604407730187049576910823620604PASS
@    3 wrote57896044618658097711785492504343953926634992332820282019728792003956564819968, read57896044618658097711785492504343953926634992332820282019728792003956564819968PASS
@    3 wrote57896044618658097711785492504322545211244402934604407730187049576910823620607, read57896044618658097711785492504322545211244402934604407730187049576910823620607PASS
@    3 wrote57896044618658097711785492504322545211244402934604407730187049576910823620606, read57896044618658097711785492504322545211244402934604407730187049576910823620606PASS
@    3 wrote57896044618658097711785492504322545211244402934604407730187049576910823620605, read57896044618658097711785492504322545211244402934604407730187049576910823620605PASS
@    3 wrote57896044618658097711785492504322545211244402934604407730187049576910823620604, read57896044618658097711785492504322545211244402934604407730187049576910823620604PASS
@    4 wrote57896044618658097711785492504343953926634992332820282019728792003956564819968, read57896044618658097711785492504343953926634992332820282019728792003956564819968PASS
@    4 wrote57896044618658097711785492504322545211244402934604407730187049576910823620607, read57896044618658097711785492504322545211244402934604407730187049576910823620607PASS
@    4 wrote57896044618658097711785492504322545211244402934604407730187049576910823620606, read57896044618658097711785492504322545211244402934604407730187049576910823620606PASS
@    4 wrote57896044618658097711785492504322545211244402934604407730187049576910823620605, read57896044618658097711785492504322545211244402934604407730187049576910823620605PASS
@    4 wrote57896044618658097711785492504322545211244402934604407730187049576910823620604, read57896044618658097711785492504322545211244402934604407730187049576910823620604PASS
@    5 wrote57896044618658097711785492504343953926634992332820282019728792003956564819968, read57896044618658097711785492504343953926634992332820282019728792003956564819968PASS
@    5 wrote57896044618658097711785492504322545211244402934604407730187049576910823620607, read57896044618658097711785492504322545211244402934604407730187049576910823620607PASS
@    5 wrote57896044618658097711785492504322545211244402934604407730187049576910823620606, read57896044618658097711785492504322545211244402934604407730187049576910823620606PASS
@    5 wrote57896044618658097711785492504322545211244402934604407730187049576910823620605, read57896044618658097711785492504322545211244402934604407730187049576910823620605PASS
@    5 wrote57896044618658097711785492504322545211244402934604407730187049576910823620604, read57896044618658097711785492504322545211244402934604407730187049576910823620604PASS
@    6 wrote57896044618658097711785492504343953926634992332820282019728792003956564819968, read57896044618658097711785492504343953926634992332820282019728792003956564819968PASS
@    6 wrote57896044618658097711785492504322545211244402934604407730187049576910823620607, read57896044618658097711785492504322545211244402934604407730187049576910823620607PASS
@    6 wrote57896044618658097711785492504322545211244402934604407730187049576910823620606, read57896044618658097711785492504322545211244402934604407730187049576910823620606PASS
@    6 wrote57896044618658097711785492504322545211244402934604407730187049576910823620605, read57896044618658097711785492504322545211244402934604407730187049576910823620605PASS
@    6 wrote57896044618658097711785492504322545211244402934604407730187049576910823620604, read57896044618658097711785492504322545211244402934604407730187049576910823620604PASS
@    7 wrote57896044618658097711785492504343953926634992332820282019728792003956564819968, read57896044618658097711785492504343953926634992332820282019728792003956564819968PASS
@    7 wrote57896044618658097711785492504322545211244402934604407730187049576910823620607, read57896044618658097711785492504322545211244402934604407730187049576910823620607PASS
@    7 wrote57896044618658097711785492504322545211244402934604407730187049576910823620606, read57896044618658097711785492504322545211244402934604407730187049576910823620606PASS
@    7 wrote57896044618658097711785492504322545211244402934604407730187049576910823620605, read57896044618658097711785492504322545211244402934604407730187049576910823620605PASS
@    7 wrote57896044618658097711785492504322545211244402934604407730187049576910823620604, read57896044618658097711785492504322545211244402934604407730187049576910823620604PASS
@    8 wrote57896044618658097711785492504343953926634992332820282019728792003956564819968, read57896044618658097711785492504343953926634992332820282019728792003956564819968PASS
@    8 wrote57896044618658097711785492504322545211244402934604407730187049576910823620607, read57896044618658097711785492504322545211244402934604407730187049576910823620607PASS
@    8 wrote57896044618658097711785492504322545211244402934604407730187049576910823620606, read57896044618658097711785492504322545211244402934604407730187049576910823620606PASS
@    8 wrote57896044618658097711785492504322545211244402934604407730187049576910823620605, read57896044618658097711785492504322545211244402934604407730187049576910823620605PASS
@    8 wrote57896044618658097711785492504322545211244402934604407730187049576910823620604, read57896044618658097711785492504322545211244402934604407730187049576910823620604PASS
@    9 wrote57896044618658097711785492504343953926634992332820282019728792003956564819968, read57896044618658097711785492504343953926634992332820282019728792003956564819968PASS
@    9 wrote57896044618658097711785492504322545211244402934604407730187049576910823620607, read57896044618658097711785492504322545211244402934604407730187049576910823620607PASS
@    9 wrote57896044618658097711785492504322545211244402934604407730187049576910823620606, read57896044618658097711785492504322545211244402934604407730187049576910823620606PASS
@    9 wrote57896044618658097711785492504322545211244402934604407730187049576910823620605, read57896044618658097711785492504322545211244402934604407730187049576910823620605PASS
@    9 wrote57896044618658097711785492504322545211244402934604407730187049576910823620604, read57896044618658097711785492504322545211244402934604407730187049576910823620604PASS
@   10 wrote57896044618658097711785492504343953926634992332820282019728792003956564819968, read57896044618658097711785492504343953926634992332820282019728792003956564819968PASS
@   10 wrote57896044618658097711785492504322545211244402934604407730187049576910823620607, read57896044618658097711785492504322545211244402934604407730187049576910823620607PASS
@   10 wrote57896044618658097711785492504322545211244402934604407730187049576910823620606, read57896044618658097711785492504322545211244402934604407730187049576910823620606PASS
@   10 wrote57896044618658097711785492504322545211244402934604407730187049576910823620605, read57896044618658097711785492504322545211244402934604407730187049576910823620605PASS
@   10 wrote57896044618658097711785492504322545211244402934604407730187049576910823620604, read57896044618658097711785492504322545211244402934604407730187049576910823620604PASS
@   11 wrote57896044618658097711785492504343953926634992332820282019728792003956564819968, read57896044618658097711785492504343953926634992332820282019728792003956564819968PASS
@   11 wrote57896044618658097711785492504322545211244402934604407730187049576910823620607, read57896044618658097711785492504322545211244402934604407730187049576910823620607PASS
@   11 wrote57896044618658097711785492504322545211244402934604407730187049576910823620606, read57896044618658097711785492504322545211244402934604407730187049576910823620606PASS
@   11 wrote57896044618658097711785492504322545211244402934604407730187049576910823620605, read57896044618658097711785492504322545211244402934604407730187049576910823620605PASS
@   11 wrote57896044618658097711785492504322545211244402934604407730187049576910823620604, read57896044618658097711785492504322545211244402934604407730187049576910823620604PASS
@   12 wrote57896044618658097711785492504343953926634992332820282019728792003956564819968, read57896044618658097711785492504343953926634992332820282019728792003956564819968PASS
@   12 wrote57896044618658097711785492504322545211244402934604407730187049576910823620607, read57896044618658097711785492504322545211244402934604407730187049576910823620607PASS
@   12 wrote57896044618658097711785492504322545211244402934604407730187049576910823620606, read57896044618658097711785492504322545211244402934604407730187049576910823620606PASS
@   12 wrote57896044618658097711785492504322545211244402934604407730187049576910823620605, read57896044618658097711785492504322545211244402934604407730187049576910823620605PASS
@   12 wrote57896044618658097711785492504322545211244402934604407730187049576910823620604, read57896044618658097711785492504322545211244402934604407730187049576910823620604PASS
@   13 wrote57896044618658097711785492504343953926634992332820282019728792003956564819968, read57896044618658097711785492504343953926634992332820282019728792003956564819968PASS
@   13 wrote57896044618658097711785492504322545211244402934604407730187049576910823620607, read57896044618658097711785492504322545211244402934604407730187049576910823620607PASS
@   13 wrote57896044618658097711785492504322545211244402934604407730187049576910823620606, read57896044618658097711785492504322545211244402934604407730187049576910823620606PASS
@   13 wrote57896044618658097711785492504322545211244402934604407730187049576910823620605, read57896044618658097711785492504322545211244402934604407730187049576910823620605PASS
@   13 wrote57896044618658097711785492504322545211244402934604407730187049576910823620604, read57896044618658097711785492504322545211244402934604407730187049576910823620604PASS
@   14 wrote57896044618658097711785492504343953926634992332820282019728792003956564819968, read57896044618658097711785492504343953926634992332820282019728792003956564819968PASS
@   14 wrote57896044618658097711785492504322545211244402934604407730187049576910823620607, read57896044618658097711785492504322545211244402934604407730187049576910823620607PASS
@   14 wrote57896044618658097711785492504322545211244402934604407730187049576910823620606, read57896044618658097711785492504322545211244402934604407730187049576910823620606PASS
@   14 wrote57896044618658097711785492504322545211244402934604407730187049576910823620605, read57896044618658097711785492504322545211244402934604407730187049576910823620605PASS
@   14 wrote57896044618658097711785492504322545211244402934604407730187049576910823620604, read57896044618658097711785492504322545211244402934604407730187049576910823620604PASS
@   15 wrote57896044618658097711785492504343953926634992332820282019728792003956564819968, read57896044618658097711785492504343953926634992332820282019728792003956564819968PASS
@   15 wrote57896044618658097711785492504322545211244402934604407730187049576910823620607, read57896044618658097711785492504322545211244402934604407730187049576910823620607PASS
@   15 wrote57896044618658097711785492504322545211244402934604407730187049576910823620606, read57896044618658097711785492504322545211244402934604407730187049576910823620606PASS
@   15 wrote57896044618658097711785492504322545211244402934604407730187049576910823620605, read57896044618658097711785492504322545211244402934604407730187049576910823620605PASS
@   15 wrote57896044618658097711785492504322545211244402934604407730187049576910823620604, read57896044618658097711785492504322545211244402934604407730187049576910823620604PASS
@   16 wrote57896044618658097711785492504343953926634992332820282019728792003956564819968, read57896044618658097711785492504343953926634992332820282019728792003956564819968PASS
@   16 wrote57896044618658097711785492504322545211244402934604407730187049576910823620607, read57896044618658097711785492504322545211244402934604407730187049576910823620607PASS
@   16 wrote57896044618658097711785492504322545211244402934604407730187049576910823620606, read57896044618658097711785492504322545211244402934604407730187049576910823620606PASS
@   16 wrote57896044618658097711785492504322545211244402934604407730187049576910823620605, read57896044618658097711785492504322545211244402934604407730187049576910823620605PASS
@   16 wrote57896044618658097711785492504322545211244402934604407730187049576910823620604, read57896044618658097711785492504322545211244402934604407730187049576910823620604PASS
@   17 wrote57896044618658097711785492504343953926634992332820282019728792003956564819968, read57896044618658097711785492504343953926634992332820282019728792003956564819968PASS
@   17 wrote57896044618658097711785492504322545211244402934604407730187049576910823620607, read57896044618658097711785492504322545211244402934604407730187049576910823620607PASS
@   17 wrote57896044618658097711785492504322545211244402934604407730187049576910823620606, read57896044618658097711785492504322545211244402934604407730187049576910823620606PASS
@   17 wrote57896044618658097711785492504322545211244402934604407730187049576910823620605, read57896044618658097711785492504322545211244402934604407730187049576910823620605PASS
@   17 wrote57896044618658097711785492504322545211244402934604407730187049576910823620604, read57896044618658097711785492504322545211244402934604407730187049576910823620604PASS
@   18 wrote57896044618658097711785492504343953926634992332820282019728792003956564819968, read57896044618658097711785492504343953926634992332820282019728792003956564819968PASS
@   18 wrote57896044618658097711785492504322545211244402934604407730187049576910823620607, read57896044618658097711785492504322545211244402934604407730187049576910823620607PASS
@   18 wrote57896044618658097711785492504322545211244402934604407730187049576910823620606, read57896044618658097711785492504322545211244402934604407730187049576910823620606PASS
@   18 wrote57896044618658097711785492504322545211244402934604407730187049576910823620605, read57896044618658097711785492504322545211244402934604407730187049576910823620605PASS
@   18 wrote57896044618658097711785492504322545211244402934604407730187049576910823620604, read57896044618658097711785492504322545211244402934604407730187049576910823620604PASS
@   19 wrote57896044618658097711785492504343953926634992332820282019728792003956564819968, read57896044618658097711785492504343953926634992332820282019728792003956564819968PASS
@   19 wrote57896044618658097711785492504322545211244402934604407730187049576910823620607, read57896044618658097711785492504322545211244402934604407730187049576910823620607PASS
@   19 wrote57896044618658097711785492504322545211244402934604407730187049576910823620606, read57896044618658097711785492504322545211244402934604407730187049576910823620606PASS
@   19 wrote57896044618658097711785492504322545211244402934604407730187049576910823620605, read57896044618658097711785492504322545211244402934604407730187049576910823620605PASS
@   19 wrote57896044618658097711785492504322545211244402934604407730187049576910823620604, read57896044618658097711785492504322545211244402934604407730187049576910823620604PASS
@   20 wrote57896044618658097711785492504343953926634992332820282019728792003956564819968, read57896044618658097711785492504343953926634992332820282019728792003956564819968PASS
@   20 wrote57896044618658097711785492504322545211244402934604407730187049576910823620607, read57896044618658097711785492504322545211244402934604407730187049576910823620607PASS
@   20 wrote57896044618658097711785492504322545211244402934604407730187049576910823620606, read57896044618658097711785492504322545211244402934604407730187049576910823620606PASS
@   20 wrote57896044618658097711785492504322545211244402934604407730187049576910823620605, read57896044618658097711785492504322545211244402934604407730187049576910823620605PASS
@   20 wrote57896044618658097711785492504322545211244402934604407730187049576910823620604, read57896044618658097711785492504322545211244402934604407730187049576910823620604PASS
@   21 wrote57896044618658097711785492504343953926634992332820282019728792003956564819968, read57896044618658097711785492504343953926634992332820282019728792003956564819968PASS
@   21 wrote57896044618658097711785492504322545211244402934604407730187049576910823620607, read57896044618658097711785492504322545211244402934604407730187049576910823620607PASS
@   21 wrote57896044618658097711785492504322545211244402934604407730187049576910823620606, read57896044618658097711785492504322545211244402934604407730187049576910823620606PASS
@   21 wrote57896044618658097711785492504322545211244402934604407730187049576910823620605, read57896044618658097711785492504322545211244402934604407730187049576910823620605PASS
@   21 wrote57896044618658097711785492504322545211244402934604407730187049576910823620604, read57896044618658097711785492504322545211244402934604407730187049576910823620604PASS
@   22 wrote57896044618658097711785492504343953926634992332820282019728792003956564819968, read57896044618658097711785492504343953926634992332820282019728792003956564819968PASS
@   22 wrote57896044618658097711785492504322545211244402934604407730187049576910823620607, read57896044618658097711785492504322545211244402934604407730187049576910823620607PASS
@   22 wrote57896044618658097711785492504322545211244402934604407730187049576910823620606, read57896044618658097711785492504322545211244402934604407730187049576910823620606PASS
@   22 wrote57896044618658097711785492504322545211244402934604407730187049576910823620605, read57896044618658097711785492504322545211244402934604407730187049576910823620605PASS
@   22 wrote57896044618658097711785492504322545211244402934604407730187049576910823620604, read57896044618658097711785492504322545211244402934604407730187049576910823620604PASS
@   23 wrote57896044618658097711785492504343953926634992332820282019728792003956564819968, read57896044618658097711785492504343953926634992332820282019728792003956564819968PASS
@   23 wrote57896044618658097711785492504322545211244402934604407730187049576910823620607, read57896044618658097711785492504322545211244402934604407730187049576910823620607PASS
@   23 wrote57896044618658097711785492504322545211244402934604407730187049576910823620606, read57896044618658097711785492504322545211244402934604407730187049576910823620606PASS
@   23 wrote57896044618658097711785492504322545211244402934604407730187049576910823620605, read57896044618658097711785492504322545211244402934604407730187049576910823620605PASS
@   23 wrote57896044618658097711785492504322545211244402934604407730187049576910823620604, read57896044618658097711785492504322545211244402934604407730187049576910823620604PASS
@   24 wrote57896044618658097711785492504343953926634992332820282019728792003956564819968, read57896044618658097711785492504343953926634992332820282019728792003956564819968PASS
@   24 wrote57896044618658097711785492504322545211244402934604407730187049576910823620607, read57896044618658097711785492504322545211244402934604407730187049576910823620607PASS
@   24 wrote57896044618658097711785492504322545211244402934604407730187049576910823620606, read57896044618658097711785492504322545211244402934604407730187049576910823620606PASS
@   24 wrote57896044618658097711785492504322545211244402934604407730187049576910823620605, read57896044618658097711785492504322545211244402934604407730187049576910823620605PASS
@   24 wrote57896044618658097711785492504322545211244402934604407730187049576910823620604, read57896044618658097711785492504322545211244402934604407730187049576910823620604PASS
@   25 wrote57896044618658097711785492504343953926634992332820282019728792003956564819968, read57896044618658097711785492504343953926634992332820282019728792003956564819968PASS
@   25 wrote57896044618658097711785492504322545211244402934604407730187049576910823620607, read57896044618658097711785492504322545211244402934604407730187049576910823620607PASS
@   25 wrote57896044618658097711785492504322545211244402934604407730187049576910823620606, read57896044618658097711785492504322545211244402934604407730187049576910823620606PASS
@   25 wrote57896044618658097711785492504322545211244402934604407730187049576910823620605, read57896044618658097711785492504322545211244402934604407730187049576910823620605PASS
@   25 wrote57896044618658097711785492504322545211244402934604407730187049576910823620604, read57896044618658097711785492504322545211244402934604407730187049576910823620604PASS
@   26 wrote57896044618658097711785492504343953926634992332820282019728792003956564819968, read57896044618658097711785492504343953926634992332820282019728792003956564819968PASS
@   26 wrote57896044618658097711785492504322545211244402934604407730187049576910823620607, read57896044618658097711785492504322545211244402934604407730187049576910823620607PASS
@   26 wrote57896044618658097711785492504322545211244402934604407730187049576910823620606, read57896044618658097711785492504322545211244402934604407730187049576910823620606PASS
@   26 wrote57896044618658097711785492504322545211244402934604407730187049576910823620605, read57896044618658097711785492504322545211244402934604407730187049576910823620605PASS
@   26 wrote57896044618658097711785492504322545211244402934604407730187049576910823620604, read57896044618658097711785492504322545211244402934604407730187049576910823620604PASS
@   27 wrote57896044618658097711785492504343953926634992332820282019728792003956564819968, read57896044618658097711785492504343953926634992332820282019728792003956564819968PASS
@   27 wrote57896044618658097711785492504322545211244402934604407730187049576910823620607, read57896044618658097711785492504322545211244402934604407730187049576910823620607PASS
@   27 wrote57896044618658097711785492504322545211244402934604407730187049576910823620606, read57896044618658097711785492504322545211244402934604407730187049576910823620606PASS
@   27 wrote57896044618658097711785492504322545211244402934604407730187049576910823620605, read57896044618658097711785492504322545211244402934604407730187049576910823620605PASS
@   27 wrote57896044618658097711785492504322545211244402934604407730187049576910823620604, read57896044618658097711785492504322545211244402934604407730187049576910823620604PASS
@   28 wrote57896044618658097711785492504343953926634992332820282019728792003956564819968, read57896044618658097711785492504343953926634992332820282019728792003956564819968PASS
@   28 wrote57896044618658097711785492504322545211244402934604407730187049576910823620607, read57896044618658097711785492504322545211244402934604407730187049576910823620607PASS
@   28 wrote57896044618658097711785492504322545211244402934604407730187049576910823620606, read57896044618658097711785492504322545211244402934604407730187049576910823620606PASS
@   28 wrote57896044618658097711785492504322545211244402934604407730187049576910823620605, read57896044618658097711785492504322545211244402934604407730187049576910823620605PASS
@   28 wrote57896044618658097711785492504322545211244402934604407730187049576910823620604, read57896044618658097711785492504322545211244402934604407730187049576910823620604PASS
@   29 wrote57896044618658097711785492504343953926634992332820282019728792003956564819968, read57896044618658097711785492504343953926634992332820282019728792003956564819968PASS
@   29 wrote57896044618658097711785492504322545211244402934604407730187049576910823620607, read57896044618658097711785492504322545211244402934604407730187049576910823620607PASS
@   29 wrote57896044618658097711785492504322545211244402934604407730187049576910823620606, read57896044618658097711785492504322545211244402934604407730187049576910823620606PASS
@   29 wrote57896044618658097711785492504322545211244402934604407730187049576910823620605, read57896044618658097711785492504322545211244402934604407730187049576910823620605PASS
@   29 wrote57896044618658097711785492504322545211244402934604407730187049576910823620604, read57896044618658097711785492504322545211244402934604407730187049576910823620604PASS
Stopped at time : 72911404500 ps : File "C:/Users/tuey/Desktop/CSSE232/project/3B-dripchar-eckelsjd-morganbm-tuey/Implementation/fcache/fcache_tb_0.v" Line 78
