ISim log file
Running: C:\Users\eckelsjd\Documents\RHIT\sophomore\winter\CSSE232\3B-dripchar-eckelsjd-morganbm-tuey\Implementation\data_management_system\dms_tb_0_isim_beh.exe -intstyle ise -gui -tclbatch isim.cmd -wdb C:/Users/eckelsjd/Documents/RHIT/sophomore/winter/CSSE232/3B-dripchar-eckelsjd-morganbm-tuey/Implementation/data_management_system/dms_tb_0_isim_beh.wdb 
ISim P.20131013 (signature 0x7708f090)
----------------------------------------------------------------------
INFO:Security:50 - The XILINXD_LICENSE_FILE environment variable is set to '2100@ise.csse.rose-hulman.edu'.
INFO:Security:53 - The LM_LICENSE_FILE environment variable is not set.
WARNING:Security:43 - No license file was found in the standard Xilinx license directory.
WARNING:Security:44 - Since no license file was found,
       please run the Xilinx License Configuration Manager
       (xlcm or "Manage Xilinx Licenses")
       to assist in obtaining a license.
WARNING:Security:42 - Your software subscription period has lapsed. Your current version of Xilinx tools will continue to function, but you no longer qualify for Xilinx software updates or new releases.


----------------------------------------------------------------------
This is a Full version of ISim.
WARNING:  For instance fcache_back_sys/IorD/, width 16 of formal port A is not equal to width 32 of actual constant.
WARNING:  For instance fcache_back_sys/IorD/, width 16 of formal port B is not equal to width 32 of actual constant.
Time resolution is 1 ps
# onerror resume
# wave add /
# run 1000 ns
Simulator is doing circuit initialization process.
Finished circuit initialization process.
FAIL
FAIL
FAIL
FAIL
FAIL
FAIL
FAIL
FAIL
FAIL
FAIL
FAIL
FAIL
FAIL
FAIL
FAIL
FAIL
FAIL
FAIL
FAIL
FAIL
FAIL
FAIL
FAIL
FAIL
FAIL
FAIL
FAIL
FAIL
FAIL
FAIL
FAIL
FAIL
FAIL
FAIL
FAIL
FAIL
FAIL
FAIL
FAIL
FAIL
FAIL
FAIL
FAIL
FAIL
FAIL
ISim P.20131013 (signature 0x7708f090)
----------------------------------------------------------------------
INFO:Security:50 - The XILINXD_LICENSE_FILE environment variable is set to '2100@ise.csse.rose-hulman.edu'.
INFO:Security:53 - The LM_LICENSE_FILE environment variable is not set.
WARNING:Security:43 - No license file was found in the standard Xilinx license directory.
WARNING:Security:44 - Since no license file was found,
       please run the Xilinx License Configuration Manager
       (xlcm or "Manage Xilinx Licenses")
       to assist in obtaining a license.
WARNING:Security:42 - Your software subscription period has lapsed. Your current version of Xilinx tools will continue to function, but you no longer qualify for Xilinx software updates or new releases.


----------------------------------------------------------------------
This is a Full version of ISim.
WARNING:  For instance fcache_back_sys/IorD/, width 16 of formal port A is not equal to width 32 of actual constant.
WARNING:  For instance fcache_back_sys/IorD/, width 16 of formal port B is not equal to width 32 of actual constant.
# run 1000 ns
Simulator is doing circuit initialization process.
Finished circuit initialization process.
FAIL
FAIL
FAIL
FAIL
FAIL
FAIL
FAIL
FAIL
FAIL
FAIL
FAIL
FAIL
FAIL
FAIL
FAIL
FAIL
FAIL
FAIL
FAIL
FAIL
FAIL
FAIL
FAIL
FAIL
FAIL
FAIL
FAIL
FAIL
FAIL
FAIL
FAIL
FAIL
FAIL
FAIL
FAIL
FAIL
FAIL
FAIL
FAIL
FAIL
FAIL
FAIL
FAIL
FAIL
FAIL
ISim P.20131013 (signature 0x7708f090)
----------------------------------------------------------------------
INFO:Security:50 - The XILINXD_LICENSE_FILE environment variable is set to '2100@ise.csse.rose-hulman.edu'.
INFO:Security:53 - The LM_LICENSE_FILE environment variable is not set.
WARNING:Security:43 - No license file was found in the standard Xilinx license directory.
WARNING:Security:44 - Since no license file was found,
       please run the Xilinx License Configuration Manager
       (xlcm or "Manage Xilinx Licenses")
       to assist in obtaining a license.
WARNING:Security:42 - Your software subscription period has lapsed. Your current version of Xilinx tools will continue to function, but you no longer qualify for Xilinx software updates or new releases.


----------------------------------------------------------------------
This is a Full version of ISim.
WARNING:  For instance fcache_back_sys/IorD/, width 16 of formal port A is not equal to width 32 of actual constant.
WARNING:  For instance fcache_back_sys/IorD/, width 16 of formal port B is not equal to width 32 of actual constant.
# run 1000 ns
Simulator is doing circuit initialization process.
Finished circuit initialization process.
FAIL, ImR =    45, B =     0
FAIL, ImR =    44, B =     x
FAIL, ImR =    43, B =     x
FAIL, ImR =    42, B =     x
FAIL, ImR =    41, B =     x
FAIL, ImR =    40, B =     x
FAIL, ImR =    39, B =     x
FAIL, ImR =    38, B =     x
FAIL, ImR =    37, B =     x
FAIL, ImR =    36, B =     x
FAIL, ImR =    35, B =     x
FAIL, ImR =    34, B =     x
FAIL, ImR =    33, B =     x
FAIL, ImR =    32, B =     x
FAIL, ImR =    31, B =     x
FAIL, ImR =    30, B =     0
FAIL, ImR =    29, B =     x
FAIL, ImR =    28, B =     x
FAIL, ImR =    27, B =     x
FAIL, ImR =    26, B =     x
FAIL, ImR =    25, B =     x
FAIL, ImR =    24, B =     x
FAIL, ImR =    23, B =     x
FAIL, ImR =    22, B =     x
FAIL, ImR =    21, B =     x
FAIL, ImR =    20, B =     x
FAIL, ImR =    19, B =     x
FAIL, ImR =    18, B =     x
FAIL, ImR =    17, B =     x
FAIL, ImR =    16, B =     x
FAIL, ImR =    15, B =     0
FAIL, ImR =    14, B =     x
FAIL, ImR =    13, B =     x
FAIL, ImR =    12, B =     x
FAIL, ImR =    11, B =     x
FAIL, ImR =    10, B =     x
FAIL, ImR =     9, B =     x
FAIL, ImR =     8, B =     x
FAIL, ImR =     7, B =     x
FAIL, ImR =     6, B =     x
FAIL, ImR =     5, B =     x
FAIL, ImR =     4, B =     x
FAIL, ImR =     3, B =     x
FAIL, ImR =     2, B =     x
FAIL, ImR =     1, B =     x
ISim P.20131013 (signature 0x7708f090)
----------------------------------------------------------------------
INFO:Security:50 - The XILINXD_LICENSE_FILE environment variable is set to '2100@ise.csse.rose-hulman.edu'.
INFO:Security:53 - The LM_LICENSE_FILE environment variable is not set.
WARNING:Security:43 - No license file was found in the standard Xilinx license directory.
WARNING:Security:44 - Since no license file was found,
       please run the Xilinx License Configuration Manager
       (xlcm or "Manage Xilinx Licenses")
       to assist in obtaining a license.
WARNING:Security:42 - Your software subscription period has lapsed. Your current version of Xilinx tools will continue to function, but you no longer qualify for Xilinx software updates or new releases.


----------------------------------------------------------------------
This is a Full version of ISim.
WARNING:  For instance fcache_back_sys/IorD/, width 16 of formal port A is not equal to width 32 of actual constant.
WARNING:  For instance fcache_back_sys/IorD/, width 16 of formal port B is not equal to width 32 of actual constant.
# run 1000 ns
Simulator is doing circuit initialization process.
Finished circuit initialization process.
FAIL, ImR =    45, B =     0
FAIL, ImR =    44, B =     x
FAIL, ImR =    43, B =     x
FAIL, ImR =    42, B =     x
FAIL, ImR =    41, B =     x
FAIL, ImR =    40, B =     x
FAIL, ImR =    39, B =     x
FAIL, ImR =    38, B =     x
FAIL, ImR =    37, B =     x
FAIL, ImR =    36, B =     x
FAIL, ImR =    35, B =     x
FAIL, ImR =    34, B =     x
FAIL, ImR =    33, B =     x
FAIL, ImR =    32, B =     x
FAIL, ImR =    31, B =     x
FAIL, ImR =    30, B =     0
FAIL, ImR =    29, B =     x
FAIL, ImR =    28, B =     x
FAIL, ImR =    27, B =     x
FAIL, ImR =    26, B =     x
FAIL, ImR =    25, B =     x
FAIL, ImR =    24, B =     x
FAIL, ImR =    23, B =     x
FAIL, ImR =    22, B =     x
FAIL, ImR =    21, B =     x
FAIL, ImR =    20, B =     x
FAIL, ImR =    19, B =     x
FAIL, ImR =    18, B =     x
FAIL, ImR =    17, B =     x
FAIL, ImR =    16, B =     x
FAIL, ImR =    15, B =     0
FAIL, ImR =    14, B =     x
FAIL, ImR =    13, B =     x
FAIL, ImR =    12, B =     x
FAIL, ImR =    11, B =     x
FAIL, ImR =    10, B =     x
FAIL, ImR =     9, B =     x
FAIL, ImR =     8, B =     x
FAIL, ImR =     7, B =     x
FAIL, ImR =     6, B =     x
FAIL, ImR =     5, B =     x
FAIL, ImR =     4, B =     x
FAIL, ImR =     3, B =     x
FAIL, ImR =     2, B =     x
FAIL, ImR =     1, B =     x
ISim P.20131013 (signature 0x7708f090)
----------------------------------------------------------------------
INFO:Security:50 - The XILINXD_LICENSE_FILE environment variable is set to '2100@ise.csse.rose-hulman.edu'.
INFO:Security:53 - The LM_LICENSE_FILE environment variable is not set.
WARNING:Security:43 - No license file was found in the standard Xilinx license directory.
WARNING:Security:44 - Since no license file was found,
       please run the Xilinx License Configuration Manager
       (xlcm or "Manage Xilinx Licenses")
       to assist in obtaining a license.
WARNING:Security:42 - Your software subscription period has lapsed. Your current version of Xilinx tools will continue to function, but you no longer qualify for Xilinx software updates or new releases.


----------------------------------------------------------------------
This is a Full version of ISim.
WARNING:  For instance fcache_back_sys/IorD/, width 16 of formal port A is not equal to width 32 of actual constant.
WARNING:  For instance fcache_back_sys/IorD/, width 16 of formal port B is not equal to width 32 of actual constant.
# run 1000 ns
Simulator is doing circuit initialization process.
Finished circuit initialization process.
FAIL, ImR =    45, B =     0
FAIL, ImR =    44, B =     x
FAIL, ImR =    43, B =     x
FAIL, ImR =    42, B =     x
FAIL, ImR =    41, B =     x
FAIL, ImR =    40, B =     x
FAIL, ImR =    39, B =     x
FAIL, ImR =    38, B =     x
FAIL, ImR =    37, B =     x
FAIL, ImR =    36, B =     x
FAIL, ImR =    35, B =     x
FAIL, ImR =    34, B =     x
FAIL, ImR =    33, B =     x
FAIL, ImR =    32, B =     x
FAIL, ImR =    31, B =     x
FAIL, ImR =    30, B =     0
FAIL, ImR =    29, B =     x
FAIL, ImR =    28, B =     x
FAIL, ImR =    27, B =     x
FAIL, ImR =    26, B =     x
FAIL, ImR =    25, B =     x
FAIL, ImR =    24, B =     x
FAIL, ImR =    23, B =     x
FAIL, ImR =    22, B =     x
FAIL, ImR =    21, B =     x
FAIL, ImR =    20, B =     x
FAIL, ImR =    19, B =     x
FAIL, ImR =    18, B =     x
FAIL, ImR =    17, B =     x
FAIL, ImR =    16, B =     x
FAIL, ImR =    15, B =     0
FAIL, ImR =    14, B =     x
FAIL, ImR =    13, B =     x
FAIL, ImR =    12, B =     x
FAIL, ImR =    11, B =     x
FAIL, ImR =    10, B =     x
FAIL, ImR =     9, B =     x
FAIL, ImR =     8, B =     x
FAIL, ImR =     7, B =     x
FAIL, ImR =     6, B =     x
FAIL, ImR =     5, B =     x
FAIL, ImR =     4, B =     x
FAIL, ImR =     3, B =     x
FAIL, ImR =     2, B =     x
FAIL, ImR =     1, B =     x
ISim P.20131013 (signature 0x7708f090)
----------------------------------------------------------------------
INFO:Security:50 - The XILINXD_LICENSE_FILE environment variable is set to '2100@ise.csse.rose-hulman.edu'.
INFO:Security:53 - The LM_LICENSE_FILE environment variable is not set.
WARNING:Security:43 - No license file was found in the standard Xilinx license directory.
WARNING:Security:44 - Since no license file was found,
       please run the Xilinx License Configuration Manager
       (xlcm or "Manage Xilinx Licenses")
       to assist in obtaining a license.
WARNING:Security:42 - Your software subscription period has lapsed. Your current version of Xilinx tools will continue to function, but you no longer qualify for Xilinx software updates or new releases.


----------------------------------------------------------------------
This is a Full version of ISim.
WARNING:  For instance fcache_back_sys/IorD/, width 16 of formal port A is not equal to width 32 of actual constant.
WARNING:  For instance fcache_back_sys/IorD/, width 16 of formal port B is not equal to width 32 of actual constant.
# run 1000 ns
Simulator is doing circuit initialization process.
Finished circuit initialization process.
FAIL, ImR =    45, B =     0
FAIL, ImR =    44, B =     0
FAIL, ImR =    43, B =     0
FAIL, ImR =    42, B =     0
FAIL, ImR =    41, B =     0
FAIL, ImR =    40, B =     0
FAIL, ImR =    39, B =     0
FAIL, ImR =    38, B =     0
FAIL, ImR =    37, B =     0
FAIL, ImR =    36, B =     0
FAIL, ImR =    35, B =     0
FAIL, ImR =    34, B =     0
FAIL, ImR =    33, B =     0
FAIL, ImR =    32, B =     0
FAIL, ImR =    31, B =     0
FAIL, ImR =    30, B =     0
FAIL, ImR =    29, B =     0
FAIL, ImR =    28, B =     0
FAIL, ImR =    27, B =     0
FAIL, ImR =    26, B =     0
FAIL, ImR =    25, B =     0
FAIL, ImR =    24, B =     0
FAIL, ImR =    23, B =     0
FAIL, ImR =    22, B =     0
FAIL, ImR =    21, B =     0
FAIL, ImR =    20, B =     0
FAIL, ImR =    19, B =     0
FAIL, ImR =    18, B =     0
FAIL, ImR =    17, B =     0
FAIL, ImR =    16, B =     0
FAIL, ImR =    15, B =     0
FAIL, ImR =    14, B =     0
FAIL, ImR =    13, B =     0
FAIL, ImR =    12, B =     0
FAIL, ImR =    11, B =     0
FAIL, ImR =    10, B =     0
FAIL, ImR =     9, B =     0
FAIL, ImR =     8, B =     0
FAIL, ImR =     7, B =     0
FAIL, ImR =     6, B =     0
FAIL, ImR =     5, B =     0
FAIL, ImR =     4, B =     0
FAIL, ImR =     3, B =     0
FAIL, ImR =     2, B =     0
FAIL, ImR =     1, B =     0
ISim P.20131013 (signature 0x7708f090)
----------------------------------------------------------------------
INFO:Security:50 - The XILINXD_LICENSE_FILE environment variable is set to '2100@ise.csse.rose-hulman.edu'.
INFO:Security:53 - The LM_LICENSE_FILE environment variable is not set.
WARNING:Security:43 - No license file was found in the standard Xilinx license directory.
WARNING:Security:44 - Since no license file was found,
       please run the Xilinx License Configuration Manager
       (xlcm or "Manage Xilinx Licenses")
       to assist in obtaining a license.
WARNING:Security:42 - Your software subscription period has lapsed. Your current version of Xilinx tools will continue to function, but you no longer qualify for Xilinx software updates or new releases.


----------------------------------------------------------------------
This is a Full version of ISim.
WARNING:  For instance fcache_back_sys/IorD/, width 16 of formal port A is not equal to width 32 of actual constant.
WARNING:  For instance fcache_back_sys/IorD/, width 16 of formal port B is not equal to width 32 of actual constant.
# run 1000 ns
Simulator is doing circuit initialization process.
Finished circuit initialization process.
FAIL, ImR =    45, B =     0
FAIL, ImR =    44, B =     x
FAIL, ImR =    43, B =     x
FAIL, ImR =    42, B =     x
FAIL, ImR =    41, B =     x
FAIL, ImR =    40, B =     x
FAIL, ImR =    39, B =     x
FAIL, ImR =    38, B =     x
FAIL, ImR =    37, B =     x
FAIL, ImR =    36, B =     x
FAIL, ImR =    35, B =     x
FAIL, ImR =    34, B =     x
FAIL, ImR =    33, B =     x
FAIL, ImR =    32, B =     x
FAIL, ImR =    31, B =     x
FAIL, ImR =    30, B =     0
FAIL, ImR =    29, B =     x
FAIL, ImR =    28, B =     x
FAIL, ImR =    27, B =     x
FAIL, ImR =    26, B =     x
FAIL, ImR =    25, B =     x
FAIL, ImR =    24, B =     x
FAIL, ImR =    23, B =     x
FAIL, ImR =    22, B =     x
FAIL, ImR =    21, B =     x
FAIL, ImR =    20, B =     x
FAIL, ImR =    19, B =     x
FAIL, ImR =    18, B =     x
FAIL, ImR =    17, B =     x
FAIL, ImR =    16, B =     x
FAIL, ImR =    15, B =     0
FAIL, ImR =    14, B =     x
FAIL, ImR =    13, B =     x
FAIL, ImR =    12, B =     x
FAIL, ImR =    11, B =     x
FAIL, ImR =    10, B =     x
FAIL, ImR =     9, B =     x
FAIL, ImR =     8, B =     x
FAIL, ImR =     7, B =     x
FAIL, ImR =     6, B =     x
FAIL, ImR =     5, B =     x
FAIL, ImR =     4, B =     x
FAIL, ImR =     3, B =     x
FAIL, ImR =     2, B =     x
FAIL, ImR =     1, B =     x
ISim P.20131013 (signature 0x7708f090)
----------------------------------------------------------------------
INFO:Security:50 - The XILINXD_LICENSE_FILE environment variable is set to '2100@ise.csse.rose-hulman.edu'.
INFO:Security:53 - The LM_LICENSE_FILE environment variable is not set.
WARNING:Security:43 - No license file was found in the standard Xilinx license directory.
WARNING:Security:44 - Since no license file was found,
       please run the Xilinx License Configuration Manager
       (xlcm or "Manage Xilinx Licenses")
       to assist in obtaining a license.
WARNING:Security:42 - Your software subscription period has lapsed. Your current version of Xilinx tools will continue to function, but you no longer qualify for Xilinx software updates or new releases.


----------------------------------------------------------------------
This is a Full version of ISim.
WARNING:  For instance reg_mgmt_sys/reg_w2_src/, width 16 of formal port B is not equal to width 32 of actual constant.
WARNING:  For instance reg_mgmt_sys/reg_w2_src/, width 16 of formal port C is not equal to width 32 of actual constant.
WARNING:  For instance reg_mgmt_sys/reg_w2_src/, width 16 of formal port D is not equal to width 32 of actual constant.
WARNING:  For instance fcache_back_sys/IorD/, width 16 of formal port A is not equal to width 32 of actual constant.
WARNING:  For instance fcache_back_sys/IorD/, width 16 of formal port B is not equal to width 32 of actual constant.
# run 1000 ns
Simulator is doing circuit initialization process.
Finished circuit initialization process.
FAIL, ImR =    45, B =     0
FAIL, ImR =    44, B =     x
FAIL, ImR =    43, B =     x
FAIL, ImR =    42, B =     x
FAIL, ImR =    41, B =     x
FAIL, ImR =    40, B =     x
FAIL, ImR =    39, B =     x
FAIL, ImR =    38, B =     x
FAIL, ImR =    37, B =     x
FAIL, ImR =    36, B =     x
FAIL, ImR =    35, B =     x
FAIL, ImR =    34, B =     x
FAIL, ImR =    33, B =     x
FAIL, ImR =    32, B =     x
FAIL, ImR =    31, B =     x
FAIL, ImR =    30, B =     0
FAIL, ImR =    29, B =     x
FAIL, ImR =    28, B =     x
FAIL, ImR =    27, B =     x
FAIL, ImR =    26, B =     x
FAIL, ImR =    25, B =     x
FAIL, ImR =    24, B =     x
FAIL, ImR =    23, B =     x
FAIL, ImR =    22, B =     x
FAIL, ImR =    21, B =     x
FAIL, ImR =    20, B =     x
FAIL, ImR =    19, B =     x
FAIL, ImR =    18, B =     x
FAIL, ImR =    17, B =     x
FAIL, ImR =    16, B =     x
FAIL, ImR =    15, B =     0
FAIL, ImR =    14, B =     x
FAIL, ImR =    13, B =     x
FAIL, ImR =    12, B =     x
FAIL, ImR =    11, B =     x
FAIL, ImR =    10, B =     x
FAIL, ImR =     9, B =     x
FAIL, ImR =     8, B =     x
FAIL, ImR =     7, B =     x
FAIL, ImR =     6, B =     x
FAIL, ImR =     5, B =     x
FAIL, ImR =     4, B =     x
FAIL, ImR =     3, B =     x
FAIL, ImR =     2, B =     x
FAIL, ImR =     1, B =     x
ISim P.20131013 (signature 0x7708f090)
----------------------------------------------------------------------
INFO:Security:50 - The XILINXD_LICENSE_FILE environment variable is set to '2100@ise.csse.rose-hulman.edu'.
INFO:Security:53 - The LM_LICENSE_FILE environment variable is not set.
WARNING:Security:43 - No license file was found in the standard Xilinx license directory.
WARNING:Security:44 - Since no license file was found,
       please run the Xilinx License Configuration Manager
       (xlcm or "Manage Xilinx Licenses")
       to assist in obtaining a license.
WARNING:Security:42 - Your software subscription period has lapsed. Your current version of Xilinx tools will continue to function, but you no longer qualify for Xilinx software updates or new releases.


----------------------------------------------------------------------
This is a Full version of ISim.
WARNING:  For instance reg_mgmt_sys/reg_w2_src/, width 16 of formal port A is not equal to width 32 of actual constant.
WARNING:  For instance reg_mgmt_sys/reg_w2_src/, width 16 of formal port B is not equal to width 32 of actual constant.
WARNING:  For instance reg_mgmt_sys/reg_w2_src/, width 16 of formal port C is not equal to width 32 of actual constant.
WARNING:  For instance reg_mgmt_sys/reg_w2_src/, width 16 of formal port D is not equal to width 32 of actual constant.
WARNING:  For instance fcache_back_sys/IorD/, width 16 of formal port A is not equal to width 32 of actual constant.
WARNING:  For instance fcache_back_sys/IorD/, width 16 of formal port B is not equal to width 32 of actual constant.
# run 1000 ns
Simulator is doing circuit initialization process.
Finished circuit initialization process.
FAIL, ImR =    45, B =     0
FAIL, ImR =    44, B =     0
FAIL, ImR =    43, B =     0
FAIL, ImR =    42, B =     0
FAIL, ImR =    41, B =     0
FAIL, ImR =    40, B =     0
FAIL, ImR =    39, B =     0
FAIL, ImR =    38, B =     0
FAIL, ImR =    37, B =     0
FAIL, ImR =    36, B =     0
FAIL, ImR =    35, B =     0
FAIL, ImR =    34, B =     0
FAIL, ImR =    33, B =     0
FAIL, ImR =    32, B =     0
FAIL, ImR =    31, B =     0
FAIL, ImR =    30, B =     0
FAIL, ImR =    29, B =     0
FAIL, ImR =    28, B =     0
FAIL, ImR =    27, B =     0
FAIL, ImR =    26, B =     0
FAIL, ImR =    25, B =     0
FAIL, ImR =    24, B =     0
FAIL, ImR =    23, B =     0
FAIL, ImR =    22, B =     0
FAIL, ImR =    21, B =     0
FAIL, ImR =    20, B =     0
FAIL, ImR =    19, B =     0
FAIL, ImR =    18, B =     0
FAIL, ImR =    17, B =     0
FAIL, ImR =    16, B =     0
FAIL, ImR =    15, B =     0
FAIL, ImR =    14, B =     0
FAIL, ImR =    13, B =     0
FAIL, ImR =    12, B =     0
FAIL, ImR =    11, B =     0
FAIL, ImR =    10, B =     0
FAIL, ImR =     9, B =     0
FAIL, ImR =     8, B =     0
FAIL, ImR =     7, B =     0
FAIL, ImR =     6, B =     0
FAIL, ImR =     5, B =     0
FAIL, ImR =     4, B =     0
FAIL, ImR =     3, B =     0
FAIL, ImR =     2, B =     0
FAIL, ImR =     1, B =     0
ISim P.20131013 (signature 0x7708f090)
----------------------------------------------------------------------
INFO:Security:50 - The XILINXD_LICENSE_FILE environment variable is set to '2100@ise.csse.rose-hulman.edu'.
INFO:Security:53 - The LM_LICENSE_FILE environment variable is not set.
WARNING:Security:43 - No license file was found in the standard Xilinx license directory.
WARNING:Security:44 - Since no license file was found,
       please run the Xilinx License Configuration Manager
       (xlcm or "Manage Xilinx Licenses")
       to assist in obtaining a license.
WARNING:Security:42 - Your software subscription period has lapsed. Your current version of Xilinx tools will continue to function, but you no longer qualify for Xilinx software updates or new releases.


----------------------------------------------------------------------
This is a Full version of ISim.
WARNING:  For instance fcache_back_sys/IorD/, width 16 of formal port A is not equal to width 32 of actual constant.
WARNING:  For instance fcache_back_sys/IorD/, width 16 of formal port B is not equal to width 32 of actual constant.
# run 1000 ns
Simulator is doing circuit initialization process.
Finished circuit initialization process.
FAIL, ImR =    45, B =     0
PASS
PASS
PASS
PASS
PASS
PASS
PASS
PASS
PASS
PASS
PASS
PASS
PASS
PASS
FAIL, ImR =    30, B =     0
PASS
PASS
PASS
PASS
PASS
PASS
PASS
PASS
PASS
PASS
PASS
PASS
PASS
PASS
FAIL, ImR =    15, B =     0
PASS
PASS
PASS
PASS
PASS
PASS
PASS
PASS
PASS
PASS
PASS
PASS
PASS
PASS
ISim P.20131013 (signature 0x7708f090)
----------------------------------------------------------------------
INFO:Security:50 - The XILINXD_LICENSE_FILE environment variable is set to '2100@ise.csse.rose-hulman.edu'.
INFO:Security:53 - The LM_LICENSE_FILE environment variable is not set.
WARNING:Security:43 - No license file was found in the standard Xilinx license directory.
WARNING:Security:44 - Since no license file was found,
       please run the Xilinx License Configuration Manager
       (xlcm or "Manage Xilinx Licenses")
       to assist in obtaining a license.
WARNING:Security:42 - Your software subscription period has lapsed. Your current version of Xilinx tools will continue to function, but you no longer qualify for Xilinx software updates or new releases.


----------------------------------------------------------------------
This is a Full version of ISim.
WARNING:  For instance fcache_back_sys/IorD/, width 16 of formal port A is not equal to width 32 of actual constant.
WARNING:  For instance fcache_back_sys/IorD/, width 16 of formal port B is not equal to width 32 of actual constant.
# run 1000 ns
Simulator is doing circuit initialization process.
Finished circuit initialization process.
PASS
PASS
PASS
PASS
PASS
PASS
PASS
PASS
PASS
PASS
PASS
PASS
PASS
PASS
PASS
PASS
PASS
PASS
PASS
PASS
PASS
PASS
PASS
PASS
PASS
PASS
PASS
PASS
PASS
PASS
PASS
PASS
PASS
PASS
PASS
PASS
PASS
PASS
PASS
PASS
PASS
PASS
